1 4 5 7 9 10 11 13 14 15 16 18 20 21 24 25 26 27 28 30 31 32 35 36 38 39 41 42 46 47 48 50 52 53 54 55 56 58 60 61 62 63 65 67 69 70 71 72 73 74 75 76 77 78 79 80 37 82 83 84 85 81 86 87 88 90 92 29 33 64 93 43 3 34 45 59 89 17 51 2 8 22 23 40 91 68 6 12 57 44 19 49 66 

9 10 14 34 50 55 64 69 71 37 81 5 6 31 39 4 92 40 47 38 16 1 17 49 28 44 51 56 59 23 46 43 53 3 78 79 63 65 54 2 62 22 15 11 25 7 8 48 67 74 36 83 20 27 18 45 75 87 88 52 90 85 91 60 41 93 32 73 77 24 29 61 30 76 26 21 66 70 12 42 80 82 84 35 57 33 89 72 86 13 19 58 68 

1 5 8 9 10 12 17 18 22 27 28 31 33 34 36 32 35 30 2 3 21 19 24 4 23 16 25 7 11 26 29 13 15 20 6 14 

2 26 6 53 33 65 7 88 31 28 46 72 13 85 52 60 37 34 21 84 44 83 70 90 17 71 9 18 62 42 58 80 81 20 61 45 64 10 27 3 23 50 56 4 93 1 29 8 51 47 69 49 35 63 67 55 22 43 38 54 57 66 36 82 89 94 15 24 86 11 78 12 87 25 19 41 68 73 76 48 91 16 5 39 14 40 30 59 75 79 74 32 92 77 

1 3 6 8 15 12 5 2 13 4 14 10 7 17 9 16 11 

1 3 5 6 7 8 9 11 12 13 14 15 16 17 18 20 23 24 26 28 29 30 31 32 33 35 36 37 38 39 40 41 42 43 44 46 47 48 49 50 51 52 53 54 55 56 57 58 60 62 64 66 67 19 22 70 71 73 74 75 45 76 69 68 77 72 10 65 25 27 59 61 21 63 2 34 4 

3 4 5 8 9 10 11 12 15 16 17 18 6 1 23 25 13 2 22 7 21 24 14 19 20 

5 6 7 8 10 15 22 26 27 20 1 9 11 17 21 29 2 14 25 30 31 18 3 19 4 16 12 24 23 28 13 

4 5 6 7 12 14 15 17 18 19 25 27 28 32 33 1 34 9 36 11 3 13 20 22 23 35 8 2 21 31 16 24 10 26 29 30 

1 2 5 6 8 9 12 13 15 17 21 22 23 26 28 30 31 32 4 11 10 14 18 20 24 19 16 7 27 3 29 25 

1 2 5 6 8 11 13 16 19 20 21 28 31 33 37 41 42 46 47 48 52 53 57 60 63 65 72 40 74 76 22 35 14 49 4 10 44 3 50 29 62 66 36 43 45 67 17 71 9 68 73 15 38 55 59 24 34 69 12 56 30 26 32 51 54 27 18 58 61 75 39 70 7 23 25 64 

1 2 3 4 5 6 7 8 9 10 11 12 13 14 15 16 17 18 20 21 22 23 24 25 26 27 28 29 30 31 32 33 34 35 36 37 38 39 40 42 43 44 45 46 47 48 49 50 19 41 

4 6 7 1 9 2 8 3 5 10 

1 4 5 6 7 8 9 17 21 32 31 39 22 20 24 2 16 28 30 36 13 11 3 23 37 42 26 14 10 19 18 25 33 29 34 38 41 12 27 15 35 40 

1 2 3 4 5 6 7 8 9 10 11 12 13 14 15 16 17 18 19 20 21 22 23 24 25 26 27 28 29 30 31 32 33 34 35 36 37 38 39 40 41 42 43 44 45 46 47 48 49 50 51 52 53 

2 3 5 6 12 14 15 18 1 20 22 17 23 10 24 7 25 8 9 21 16 26 19 27 13 11 4 

1 2 3 4 5 6 7 8 9 11 12 13 14 15 16 17 18 19 20 21 22 23 25 26 27 28 29 30 32 10 24 31 

1 2 3 4 6 7 8 9 10 11 12 13 15 16 17 18 19 20 21 22 23 24 25 26 27 28 29 30 31 32 33 34 35 36 37 38 39 40 14 5 

2 3 4 5 6 8 9 10 11 12 13 14 15 16 17 18 19 20 21 23 24 25 26 28 29 31 32 33 34 35 36 37 38 39 40 41 42 43 44 45 46 47 49 50 51 52 53 54 55 56 57 58 59 60 61 62 63 65 66 27 67 68 69 70 71 22 1 48 64 30 7 

9 15 20 26 17 34 44 45 51 3 12 42 50 11 52 6 38 18 27 10 19 23 31 39 4 36 48 30 37 1 35 49 33 16 40 8 43 47 7 2 21 25 32 14 28 46 13 29 41 5 24 22 

5 6 7 3 4 1 2 

1 3 8 9 10 12 14 15 19 20 21 22 25 26 27 28 29 30 31 32 33 35 37 38 39 40 44 45 47 48 49 52 53 54 55 56 59 60 61 62 63 64 65 66 68 70 71 72 73 74 51 77 78 79 81 82 34 18 84 46 13 6 23 42 43 24 80 4 57 67 5 17 2 7 36 11 50 58 16 41 69 75 76 83 

3 4 5 6 8 9 10 12 15 16 17 19 20 21 22 23 24 26 27 28 32 33 36 37 43 44 45 46 47 50 52 54 55 58 59 60 61 64 65 66 67 69 73 75 76 78 42 57 81 82 83 84 30 38 85 2 51 35 56 62 31 29 14 18 7 25 40 80 74 79 1 53 77 11 41 68 48 72 34 63 39 71 13 49 70 

1 2 3 4 5 6 7 8 9 10 11 12 13 15 16 17 18 19 20 21 22 23 24 25 27 28 31 32 33 34 35 36 14 37 38 39 40 41 42 43 46 49 50 29 26 44 48 47 30 45 

1 2 3 4 5 6 7 8 10 13 14 18 19 21 22 23 24 25 26 15 17 28 29 16 27 30 9 20 12 11 

4 10 12 17 19 2 37 39 50 51 54 58 60 62 71 77 79 82 84 85 86 88 89 49 94 42 65 72 28 56 46 32 48 16 26 36 63 90 34 78 91 40 45 81 66 21 29 30 74 31 53 35 57 73 47 6 95 1 83 27 69 55 93 5 8 15 7 20 25 76 18 11 61 43 22 33 41 14 52 59 87 92 38 24 68 96 75 64 67 23 44 70 13 80 3 9 

1 2 4 9 10 15 16 17 18 19 20 22 23 25 27 29 30 31 32 37 38 39 41 42 44 45 46 49 50 51 52 53 54 56 57 58 59 60 61 62 64 66 67 68 69 70 71 73 74 75 76 78 79 81 82 83 85 86 87 88 65 89 90 93 95 97 98 100 28 63 13 21 80 92 34 3 36 99 35 84 14 48 6 47 91 77 7 43 24 33 12 55 40 94 8 72 26 96 11 5 

1 2 3 5 6 9 10 11 12 13 14 15 16 17 18 21 22 23 24 25 26 27 28 29 30 32 33 34 35 36 37 38 39 40 42 43 44 45 46 47 48 49 50 51 52 53 54 55 56 57 58 59 60 61 63 64 65 66 67 68 69 70 72 73 74 75 76 77 78 79 80 81 41 4 19 20 7 8 31 62 71 

3 5 8 10 21 23 27 30 32 37 42 2 46 6 41 38 47 22 36 18 39 49 9 29 13 24 45 17 34 20 40 35 43 26 31 33 50 12 14 25 48 4 15 7 19 16 11 28 1 44 

3 5 6 7 9 10 11 12 13 15 16 19 20 22 23 25 18 29 31 33 36 2 38 40 41 42 43 44 45 46 47 49 34 51 52 21 28 35 1 14 54 39 4 8 17 30 48 50 56 26 55 24 32 37 27 53 

1 4 6 8 12 15 19 22 23 24 26 27 28 31 33 35 43 44 45 47 48 54 55 59 60 61 62 63 64 68 70 67 74 75 76 80 81 29 82 84 88 13 92 94 9 95 57 2 5 40 39 11 41 72 16 21 83 17 30 51 87 10 37 69 49 20 34 58 18 42 53 71 50 65 56 79 7 89 93 66 38 52 86 90 91 14 25 36 32 73 85 77 78 46 3 

2 4 9 10 12 14 16 20 28 29 23 31 21 30 11 15 33 17 24 3 8 25 1 5 27 22 6 26 13 7 18 19 32 

1 3 4 5 6 7 8 9 11 12 13 14 15 16 17 18 19 20 21 22 23 24 25 27 28 29 31 32 33 34 35 36 37 38 39 40 41 42 43 44 45 46 48 49 50 51 52 53 54 55 56 58 59 60 61 63 64 65 66 67 68 69 70 71 72 74 75 76 77 78 79 80 81 62 26 47 82 10 57 73 2 30 

1 2 3 4 5 6 7 8 9 10 11 12 13 14 15 16 17 18 19 20 21 22 23 24 25 26 27 28 29 30 31 32 33 34 35 36 37 38 39 40 

3 9 17 23 24 35 38 43 44 30 46 50 52 54 55 56 18 45 60 66 53 36 68 71 42 74 65 19 76 78 26 41 34 12 75 5 31 25 29 37 4 73 14 6 59 63 49 7 2 77 47 62 1 51 67 16 58 8 70 32 69 13 64 72 40 61 48 57 28 27 10 11 21 22 33 39 15 20 

1 2 3 4 5 6 7 8 9 10 11 12 13 14 15 16 17 18 19 20 21 22 23 24 25 26 27 28 29 30 31 32 33 34 35 36 37 38 39 40 41 42 43 44 45 46 47 48 49 50 51 52 53 54 55 56 57 58 59 60 61 62 63 64 65 66 67 68 69 70 71 72 73 74 75 76 77 78 79 80 81 82 83 84 85 86 88 89 90 91 87 

2 3 5 6 7 8 9 10 12 13 14 17 18 19 22 20 23 1 11 16 21 24 15 4 

1 2 3 4 5 6 8 9 10 11 12 13 14 15 16 17 19 20 22 23 24 25 26 27 28 29 30 31 32 33 34 35 36 37 38 39 40 41 42 43 44 45 46 47 48 49 50 51 52 53 54 55 56 57 58 59 18 21 7 

1 2 3 4 5 6 7 9 10 11 12 13 19 20 22 24 25 26 28 29 31 32 33 34 35 36 38 40 41 42 43 44 46 47 49 51 52 53 54 55 57 62 63 64 65 66 67 69 70 71 72 73 75 76 77 78 79 80 82 83 84 81 45 59 21 23 17 48 58 56 60 15 37 61 14 18 39 8 30 16 50 68 74 27 

2 3 6 7 9 10 11 12 13 14 15 17 18 19 21 23 24 25 26 29 30 31 32 34 35 37 38 39 40 41 27 42 43 44 45 46 49 50 51 52 53 54 22 33 47 20 1 48 36 4 8 5 16 28 

1 2 3 4 5 6 8 11 12 14 15 16 18 19 20 21 22 23 25 26 27 28 29 30 31 34 35 37 38 40 41 42 43 44 45 47 48 50 52 54 56 58 61 62 63 64 69 72 73 74 36 76 78 79 80 81 17 82 33 83 84 57 7 32 68 24 9 10 85 39 53 55 66 67 65 70 46 71 75 77 87 49 60 13 51 59 86 

4 29 36 55 17 6 23 24 33 47 7 28 50 32 25 31 51 9 54 22 26 11 43 3 1 48 20 16 46 52 18 27 15 19 30 34 35 37 42 12 14 45 38 2 10 40 39 21 41 13 53 44 5 8 49 

1 2 5 6 7 8 9 10 12 13 14 15 17 18 19 20 21 22 24 25 26 27 28 29 31 32 33 11 30 34 35 36 38 39 40 42 23 43 3 4 44 45 37 41 16 

1 2 4 5 6 7 8 9 10 11 12 13 14 16 17 18 19 20 21 22 23 24 25 26 27 28 30 31 32 34 35 36 37 38 39 40 41 42 43 44 46 47 49 52 54 56 57 58 3 29 59 33 15 50 45 48 53 55 51 

2 11 13 18 19 23 24 26 27 5 31 8 32 20 14 12 22 3 4 16 17 6 7 21 15 25 10 1 28 9 30 29 

3 7 8 9 11 12 14 16 5 6 2 4 10 15 1 13 17 

1 

5 7 12 18 22 27 42 48 52 53 36 58 59 62 64 31 17 21 28 46 50 16 1 33 54 74 40 55 19 68 72 6 20 3 4 24 34 35 43 44 56 67 63 47 69 8 26 11 23 29 37 57 60 65 70 49 25 15 45 71 39 38 41 51 73 9 30 13 14 32 10 66 61 2 

1 2 3 4 5 6 7 8 9 10 11 12 13 14 15 16 17 18 19 20 21 22 23 24 25 26 27 28 29 30 31 32 33 34 35 36 37 38 39 40 41 42 43 44 45 46 47 

2 3 5 11 17 18 19 20 21 22 24 25 26 33 28 35 36 41 43 48 52 54 55 57 58 62 70 69 71 29 64 49 13 51 23 31 47 50 66 32 56 4 38 60 63 7 27 65 34 39 12 59 44 10 61 45 67 16 1 8 14 68 15 40 42 9 30 46 6 37 53 

1 3 9 15 17 14 18 8 11 2 7 6 12 16 4 13 19 5 10 

2 4 5 6 8 9 10 13 15 16 17 18 20 21 23 24 26 27 30 25 11 14 31 22 28 7 12 19 29 1 3 

1 2 3 4 5 6 7 8 9 10 11 13 12 14 16 18 15 17 

1 3 4 7 8 9 10 12 15 19 20 22 23 25 28 29 32 34 36 37 38 41 44 47 54 57 59 61 62 64 66 68 70 71 56 72 31 6 33 39 30 48 73 40 63 45 50 13 2 60 67 52 53 42 11 14 43 55 69 58 77 26 74 46 65 16 27 35 75 18 76 51 5 49 24 17 21 

1 2 3 4 5 6 7 8 9 10 11 12 13 14 15 16 17 18 19 20 21 22 23 24 25 26 27 28 29 30 31 32 33 34 35 36 37 38 39 40 41 42 43 44 45 46 47 48 49 50 51 52 53 54 55 56 57 58 59 60 61 62 63 64 65 66 67 68 69 70 71 72 73 74 75 76 77 78 

2 5 7 8 10 11 13 14 15 19 20 21 24 25 26 27 28 30 32 33 39 41 43 45 47 48 49 50 52 53 55 57 58 59 61 62 63 64 65 67 68 69 73 75 76 78 79 31 80 81 82 84 71 12 18 4 3 66 72 23 74 42 56 51 83 70 16 44 6 29 77 85 9 34 36 17 54 37 46 40 1 38 22 60 35 

1 3 4 2 5 6 

3 4 5 7 10 11 12 13 14 15 17 18 21 22 24 25 26 27 28 29 30 31 32 33 34 35 36 37 39 40 41 43 46 47 48 49 50 52 53 51 54 55 58 59 62 1 38 63 6 64 44 45 20 2 9 56 8 23 42 57 19 16 60 61 

1 2 4 5 6 7 9 10 11 13 14 16 17 18 21 23 26 27 28 29 31 32 33 35 36 37 39 40 42 43 44 45 47 48 50 51 52 53 54 56 57 58 59 25 60 61 62 63 64 65 67 68 69 70 66 71 73 74 76 77 78 24 8 12 46 41 72 55 75 19 20 34 49 15 30 22 38 3 

1 2 4 5 6 9 11 12 14 16 17 18 20 21 22 23 25 27 28 34 35 36 38 48 51 53 54 56 57 59 62 63 67 72 73 77 81 52 8 7 33 3 45 39 19 13 31 60 69 80 43 15 71 79 40 24 61 64 70 42 55 65 75 76 10 47 49 66 68 37 41 58 29 44 78 32 26 50 74 30 46 

8 9 10 11 17 25 31 33 35 40 46 49 52 54 57 65 68 73 4 37 84 85 32 2 20 50 13 48 59 66 81 87 7 3 41 92 76 36 19 34 75 61 51 18 14 80 79 90 45 12 43 72 53 26 38 69 71 83 44 77 86 88 15 5 58 70 78 39 42 67 82 6 28 29 30 21 91 60 62 56 16 1 55 64 89 23 74 47 63 24 22 27 

3 4 5 6 7 8 9 10 11 12 13 14 16 15 17 18 19 20 21 23 24 25 26 27 29 30 31 34 35 36 37 38 39 41 42 43 45 46 48 49 50 51 52 53 54 55 56 32 40 44 58 59 60 61 1 62 47 28 57 22 2 33 

9 10 16 19 21 23 25 31 33 34 35 6 37 39 42 44 45 50 51 53 55 56 5 47 57 52 43 54 48 2 61 27 3 12 18 17 14 20 29 38 15 26 32 63 28 41 59 1 8 11 30 49 58 7 24 62 4 46 64 13 36 40 60 22 

1 2 5 13 17 23 27 36 38 39 42 43 44 62 63 61 34 26 64 3 46 54 70 55 20 32 51 4 29 59 67 45 40 14 25 8 49 6 48 47 65 66 15 21 18 31 9 58 68 12 7 50 11 53 10 52 57 37 24 19 41 16 22 33 30 35 56 60 69 28 

2 4 6 8 10 11 12 14 15 16 17 18 19 20 21 22 23 24 25 26 28 29 30 31 32 33 34 35 37 38 39 40 41 42 44 45 13 46 48 49 50 51 52 53 54 55 57 58 59 60 61 62 43 63 64 65 67 68 69 66 56 1 7 3 27 36 9 47 5 

4 5 6 11 21 25 38 39 45 32 34 52 53 58 61 46 65 57 66 18 30 41 14 64 17 35 68 7 31 28 67 33 50 1 37 44 51 56 60 26 59 62 63 24 15 19 23 42 55 27 47 3 16 36 20 40 22 12 43 49 2 10 13 9 29 48 54 8 

3 5 6 7 8 9 10 11 13 2 14 12 15 1 4 16 

2 6 5 1 4 3 

1 2 3 4 5 7 8 9 11 12 13 14 15 16 17 19 20 21 22 25 27 28 29 30 31 32 33 34 35 36 37 38 39 40 41 42 43 44 45 46 47 48 49 51 52 53 54 55 56 58 59 60 61 64 65 66 67 68 69 70 71 72 74 76 77 78 79 80 81 82 83 85 86 87 88 89 90 91 92 84 93 94 95 96 63 97 6 26 50 23 10 62 73 57 75 18 24 

14 18 10 27 31 35 37 39 43 47 50 57 58 60 61 64 68 69 71 75 7 26 76 78 79 82 86 54 3 90 28 70 91 74 84 22 33 81 6 80 93 45 63 83 25 65 9 32 19 49 59 53 67 56 20 8 15 29 13 38 66 11 88 4 21 95 16 55 48 5 77 87 24 36 2 44 94 89 92 62 51 17 40 72 85 73 96 52 30 12 23 41 46 1 34 42 

8 10 12 14 19 22 27 28 26 30 18 38 33 39 40 42 11 34 44 23 29 1 25 13 17 43 45 3 46 20 36 35 41 24 31 5 6 15 47 2 4 9 16 21 32 7 37 

6 20 43 42 56 26 32 67 71 3 5 24 8 28 29 31 7 37 10 36 25 45 47 61 74 34 44 11 59 27 9 49 21 46 50 73 14 23 16 55 60 15 63 68 40 2 48 39 17 35 41 51 53 54 58 1 65 19 38 52 18 62 64 70 22 30 13 69 4 72 33 57 66 12 

1 3 5 4 2 

9 14 26 31 33 34 37 39 40 47 52 53 54 59 61 65 66 6 28 48 21 67 45 10 46 4 62 63 17 16 38 42 36 5 2 11 49 60 13 12 43 8 30 57 64 41 29 32 23 27 15 19 56 22 68 20 25 44 51 58 50 35 1 3 7 18 24 55 69 

8 27 7 46 28 33 66 50 59 4 13 45 54 39 15 22 19 25 29 6 36 48 10 2 30 21 52 56 61 47 37 53 3 17 65 11 23 14 20 40 62 5 24 1 12 35 42 38 9 34 26 41 55 31 32 60 16 57 51 63 49 43 44 58 64 68 18 67 

2 3 5 7 9 11 12 13 14 20 21 8 19 22 23 15 1 4 17 16 6 10 18 

2 3 4 5 6 7 8 9 12 13 14 15 16 17 18 20 21 22 23 24 25 27 29 30 31 32 33 35 36 37 38 40 41 42 43 45 46 47 48 49 50 51 52 53 54 55 56 57 59 60 61 62 63 64 65 67 68 69 70 71 74 76 77 11 78 80 81 83 84 85 86 87 88 1 90 91 93 94 66 73 34 10 58 75 79 82 39 44 89 72 92 19 26 28 

1 2 3 4 5 7 8 9 10 12 13 14 15 16 17 19 20 21 22 24 25 26 27 30 31 33 35 37 38 39 40 41 42 28 43 44 45 46 47 48 50 51 54 57 58 59 56 55 60 62 18 53 61 32 11 34 36 49 29 52 23 6 

4 8 9 11 15 2 16 17 18 20 23 24 27 31 35 12 25 13 5 29 33 10 26 6 30 1 34 3 19 14 28 7 21 22 32 

5 9 20 21 24 25 26 19 28 29 32 36 17 42 8 43 46 4 15 31 6 18 1 23 33 44 35 16 10 22 30 27 41 48 14 34 2 7 11 13 12 38 3 40 39 37 45 47 

2 3 4 6 7 8 9 11 13 15 23 25 26 29 35 36 37 45 52 53 54 56 57 58 60 61 64 65 66 68 69 70 71 73 74 75 78 80 81 82 83 84 85 92 93 31 79 94 95 96 97 98 99 50 24 18 32 72 27 34 5 40 77 48 42 88 22 91 1 10 28 86 30 16 41 43 21 44 55 87 19 33 47 90 14 89 63 67 38 17 39 51 12 59 49 20 46 62 76 

1 3 7 8 10 13 16 18 19 26 28 29 30 31 35 36 38 42 46 48 50 54 53 55 57 59 61 62 64 68 71 76 41 25 69 80 74 65 67 60 12 20 43 4 45 34 40 52 22 24 11 51 32 75 77 17 21 39 5 14 27 49 58 6 23 70 47 9 56 73 33 44 78 63 79 37 15 72 81 66 2 82 

2 3 4 5 6 7 8 9 10 12 13 14 15 16 17 18 19 21 22 23 24 25 26 27 28 29 30 31 32 33 34 35 36 37 38 39 40 41 43 45 48 49 50 51 52 56 55 57 58 59 60 61 63 65 66 20 67 1 68 11 69 70 47 71 72 44 54 42 53 46 62 64 

1 2 3 4 5 6 8 9 13 15 16 18 19 20 21 24 25 26 27 28 30 32 34 35 36 22 37 39 40 12 41 44 48 51 52 53 54 11 10 31 55 42 29 56 38 45 43 46 7 49 17 14 47 33 50 23 

1 2 3 4 5 6 7 8 9 10 11 12 13 14 15 16 17 19 20 21 22 23 24 25 26 27 28 31 33 34 35 36 37 38 39 40 41 42 43 46 48 49 50 51 52 53 54 55 56 57 58 59 60 61 62 63 64 65 67 68 69 70 71 72 45 73 74 75 78 79 80 81 18 30 44 47 32 66 76 29 77 

1 2 4 13 17 18 22 25 27 28 29 34 36 38 43 48 49 51 56 57 59 62 66 71 72 74 50 31 3 10 20 69 52 73 35 23 16 24 44 67 39 7 19 14 9 63 6 5 30 11 40 26 32 12 42 54 47 70 41 61 21 15 53 64 33 37 55 45 8 58 60 65 68 46 

2 4 5 6 9 10 11 12 14 15 16 17 18 19 20 21 1 23 24 25 7 8 3 22 13 

24 4 33 2 21 16 17 23 10 26 12 13 6 32 9 27 31 18 5 15 19 8 29 30 1 3 14 25 22 11 20 34 7 28 

1 3 4 5 6 7 8 9 10 11 12 13 14 15 16 17 18 19 2 

1 2 3 4 5 6 7 8 9 10 11 12 13 14 15 16 17 18 19 20 21 22 23 24 25 26 27 28 29 30 31 32 33 34 35 36 37 38 39 40 41 42 43 44 45 46 47 48 49 50 52 53 54 55 56 57 58 59 60 61 62 63 64 65 66 67 68 69 70 71 72 73 74 75 76 77 78 51 79 

4 6 21 24 31 59 62 76 71 81 86 90 91 92 14 23 97 79 20 69 37 48 39 70 68 73 41 82 84 2 26 60 88 33 25 47 64 1 74 28 40 67 55 95 72 3 57 75 66 78 38 53 7 15 52 96 35 5 8 16 42 51 17 56 12 27 43 58 98 13 34 11 46 65 61 87 49 85 77 22 93 29 36 45 30 19 80 89 54 63 32 94 9 44 50 83 10 18 

1 2 4 5 6 7 8 9 10 11 12 13 14 16 17 18 19 20 21 23 25 26 27 28 29 30 31 32 33 34 35 36 37 38 39 40 41 42 43 44 45 46 47 48 49 22 50 51 3 15 24 

1 2 3 4 5 6 7 8 9 11 12 14 15 17 18 19 21 22 24 27 29 30 31 32 33 35 36 37 38 39 41 42 44 45 25 48 49 50 51 53 55 56 57 59 61 63 64 65 40 58 28 34 47 43 10 13 26 46 52 60 54 16 20 62 23 

1 3 5 7 9 10 12 15 16 17 21 22 23 24 26 28 30 31 33 35 39 42 46 47 48 51 55 56 60 61 62 63 66 67 65 13 14 68 69 57 71 72 2 44 50 77 58 73 54 18 53 8 19 29 37 25 41 59 11 34 43 45 32 52 64 76 4 6 20 27 38 74 70 40 49 75 36 

1 2 3 4 5 6 7 8 9 10 11 12 13 14 15 

1 5 6 11 2 9 15 16 3 8 10 17 4 7 13 12 14 

4 10 14 16 17 34 50 62 21 71 75 76 67 88 42 91 25 1 3 18 41 90 58 57 92 36 40 84 51 15 60 6 33 68 82 49 26 55 11 24 83 78 19 66 7 29 32 63 70 8 30 69 72 45 35 79 12 43 27 73 87 23 64 9 47 74 77 86 48 59 37 52 81 13 61 65 22 31 38 80 2 20 39 56 85 89 46 5 28 44 53 54 

1 2 3 4 6 8 9 10 12 13 14 15 16 17 18 21 22 23 24 25 26 27 28 29 30 31 32 34 35 36 37 38 39 41 43 45 46 47 48 51 52 53 54 55 56 57 59 61 62 63 64 65 66 67 68 69 70 71 72 73 74 7 40 76 79 80 82 83 84 85 86 88 42 89 81 90 91 49 50 33 77 11 5 60 20 58 78 44 75 87 19 

2 3 8 11 5 14 16 20 24 25 13 10 15 17 19 4 22 7 1 6 21 12 18 9 23 

1 4 6 7 8 11 24 25 26 27 15 30 3 21 14 33 20 35 36 38 5 9 13 22 31 28 18 29 32 34 37 23 12 17 2 10 19 16 

